<?xml version="1.0" encoding="UTF-8"?>
<!-- Generated by org.testng.reporters.JUnitReportReporter -->
<testsuite skipped="0" hostname="INC00689" name="TestNG.Framework_001" tests="1" failures="0" timestamp="10 Jan 2018 13:44:08 GMT" time="44.183" errors="0">
  <testcase name="main" time="44.183" classname="TestNG.Framework_001"/>
</testsuite> <!-- TestNG.Framework_001 -->
